16:27:09| --------------------------------------------------------------------------------
16:27:09| Primes: 0
16:27:09|  
16:27:09| --------------------------------------------------------------------------------
16:27:09| Words: 0
16:27:09|  
16:27:09| --------------------------------------------------------------------------------
16:27:09| Uppercase: 0
16:27:09|  
16:27:09| --------------------------------------------------------------------------------
16:27:09| Sums: 0
16:27:09|  
16:27:09| --------------------------------------------------------------------------------
16:27:09| Names: 0
16:27:09|  
16:27:09| Number of Primes tasks: 0
16:27:09| Number of Words tasks: 0
16:27:09| Number of Uppercase tasks: 0
16:27:09| Number of Sums tasks: 0
16:27:09| Number of Names tasks: 0
16:27:09| Finished processes 0 tasks = 1.26305160
