16:00:01| --------------------------------------------------------------------------------
16:00:01| Primes: 0
16:00:01|  
16:00:01| --------------------------------------------------------------------------------
16:00:01| Words: 0
16:00:01|  
16:00:01| --------------------------------------------------------------------------------
16:00:01| Uppercase: 0
16:00:01|  
16:00:01| --------------------------------------------------------------------------------
16:00:01| Sums: 0
16:00:01|  
16:00:01| --------------------------------------------------------------------------------
16:00:01| Names: 0
16:00:01|  
16:00:01| Number of Primes tasks: 0
16:00:01| Number of Words tasks: 0
16:00:01| Number of Uppercase tasks: 0
16:00:01| Number of Sums tasks: 0
16:00:01| Number of Names tasks: 0
16:00:01| Finished processes 0 tasks = 1.23999350
